\BOOKMARK [0][-]{dummy.2}{\376\377\000A\000b\000s\000t\000r\000a\000c\000t}{}% 1
\BOOKMARK [0][-]{chapter.4}{\376\377\0001\000\040\000E\000i\000n\000f\000\374\000h\000r\000u\000n\000g}{}% 2
\BOOKMARK [1][-]{section.6}{\376\377\0001\000.\0001\000\040\000A\000n\000w\000e\000n\000d\000u\000n\000g\000s\000b\000e\000i\000s\000p\000i\000e\000l}{chapter.4}% 3
\BOOKMARK [1][-]{section.7}{\376\377\0001\000.\0002\000\040\000Z\000i\000e\000l\000s\000e\000t\000z\000u\000n\000g}{chapter.4}% 4
\BOOKMARK [0][-]{chapter.8}{\376\377\0002\000\040\000G\000r\000u\000n\000d\000l\000a\000g\000e\000n}{}% 5
\BOOKMARK [1][-]{section.9}{\376\377\0002\000.\0001\000\040\000H\000o\000m\000o\000m\000o\000r\000p\000h\000e\000\040\000V\000e\000r\000s\000c\000h\000l\000\374\000s\000s\000e\000l\000u\000n\000g\000e\000n}{chapter.8}% 6
\BOOKMARK [0][-]{chapter.10}{\376\377\0003\000\040\000M\000u\000l\000t\000i\000p\000a\000r\000t\000y\000\040\000C\000a\000r\000d\000i\000n\000a\000l\000i\000t\000y\000\040\000T\000e\000s\000t\000i\000n\000g}{}% 7
\BOOKMARK [1][-]{section.11}{\376\377\0003\000.\0001\000\040\000N\000e\000u\000e\000s\000\040\000a\000m\000\040\000P\000a\000p\000e\000r}{chapter.10}% 8
\BOOKMARK [1][-]{section.12}{\376\377\0003\000.\0002\000\040\000A\000b\000w\000a\000n\000d\000l\000u\000n\000g\000e\000n\000\040\000z\000u\000m\000\040\000P\000a\000p\000e\000r}{chapter.10}% 9
\BOOKMARK [1][-]{section.35}{\376\377\0003\000.\0003\000\040\000a\000n\000d\000e\000r\000e\000\040\000P\000a\000p\000e\000r}{chapter.10}% 10
\BOOKMARK [0][-]{chapter.36}{\376\377\0004\000\040\000F\000u\000n\000k\000t\000i\000o\000n\000\040\000d\000e\000r\000\040\000S\000o\000f\000t\000w\000a\000r\000e}{}% 11
\BOOKMARK [1][-]{section.37}{\376\377\0004\000.\0001\000\040\000V\000e\000r\000s\000c\000h\000l\000\374\000s\000s\000e\000l\000u\000n\000g\000e\000n}{chapter.36}% 12
\BOOKMARK [2][-]{subsection.38}{\376\377\0004\000.\0001\000.\0001\000\040\000D\000i\000e\000\040\000W\000a\000h\000l\000\040\000d\000e\000r\000\040\000V\000e\000r\000s\000c\000h\000l\000\374\000s\000s\000e\000l\000u\000n\000g}{section.37}% 13
\BOOKMARK [2][-]{subsection.39}{\376\377\0004\000.\0001\000.\0002\000\040\000D\000a\000m\000g\000a\000r\000d\000-\000J\000u\000r\000i\000k\000\040\000V\000e\000r\000s\000c\000h\000l\000\374\000s\000s\000e\000l\000u\000n\000g}{section.37}% 14
\BOOKMARK [2][-]{subsection.40}{\376\377\0004\000.\0001\000.\0003\000\040\000\334\000b\000e\000r\000t\000r\000a\000g\000u\000n\000g\000\040\000d\000e\000r\000\040\000P\000y\000t\000h\000o\000n\000\040\000I\000m\000p\000l\000e\000m\000e\000n\000t\000i\000e\000r\000u\000n\000g}{section.37}% 15
\BOOKMARK [1][-]{section.41}{\376\377\0004\000.\0002\000\040\000A\000r\000c\000h\000i\000t\000e\000k\000t\000u\000r}{chapter.36}% 16
\BOOKMARK [1][-]{section.42}{\376\377\0004\000.\0003\000\040\000R\000i\000n\000g\000\040\000R\000e\000a\000l\000i\000s\000i\000e\000r\000u\000n\000g}{chapter.36}% 17
\BOOKMARK [1][-]{section.86}{\376\377\0004\000.\0004\000\040\000s\000i\000c\000h\000e\000r\000e\000\040\000M\000a\000t\000r\000i\000x\000\040\000B\000e\000r\000e\000c\000h\000n\000u\000n\000g\000e\000n}{chapter.36}% 18
\BOOKMARK [0][-]{chapter.87}{\376\377\0005\000\040\000P\000r\000o\000b\000l\000e\000m\000e\000\040\000d\000e\000r\000\040\000S\000o\000f\000t\000w\000a\000r\000e}{}% 19
\BOOKMARK [1][-]{section.88}{\376\377\0005\000.\0001\000\040\000N\000i\000c\000h\000t\000\040\000a\000l\000l\000e\000\040\000P\000r\000o\000t\000o\000k\000o\000l\000l\000e\000\040\000s\000i\000c\000h\000e\000r\000\040\000i\000m\000p\000l\000e\000m\000e\000n\000t\000i\000e\000r\000t}{chapter.87}% 20
\BOOKMARK [1][-]{section.89}{\376\377\0005\000.\0002\000\040\000B\000e\000i\000\040\000g\000r\000o\000\337\000e\000n\000\040\000Z\000a\000h\000l\000e\000n\000\040\000i\000n\000t\000e\000r\000f\000e\000r\000i\000e\000r\000e\000n\000\040\000v\000o\000n\000\040\000R\000i\000n\000g\000/\000V\000e\000r\000s\000c\000h\000l\000\374\000s\000s\000e\000l\000u\000n\000g}{chapter.87}% 21
\BOOKMARK [0][-]{chapter.90}{\376\377\0006\000\040\000F\000a\000z\000i\000t}{}% 22
\BOOKMARK [1][-]{section.91}{\376\377\0006\000.\0001\000\040\000F\000a\000z\000i\000t}{chapter.90}% 23
\BOOKMARK [0][-]{dummy.92}{\376\377\000L\000i\000s\000t\000\040\000o\000f\000\040\000F\000i\000g\000u\000r\000e\000s}{}% 24
\BOOKMARK [0][-]{dummy.94}{\376\377\000L\000i\000s\000t\000\040\000o\000f\000\040\000T\000a\000b\000l\000e\000s}{}% 25
\BOOKMARK [0][-]{appendix.96}{\376\377\000A\000\040\000A\000d\000d\000i\000t\000i\000o\000n\000a\000l\000\040\000S\000o\000m\000e\000t\000h\000i\000n\000g}{}% 26
\BOOKMARK [0][-]{dummy.97}{\376\377\000B\000i\000b\000l\000i\000o\000g\000r\000a\000p\000h\000y}{}% 27
